<?xml version="1.0" encoding="UTF-8" ?>
<testsuite errors="2" failures="0" hostname="Sydney-Kos-MacBook-Pro.local" name="com.flatironschool.javacs.MyLinkedListTest" skipped="0" tests="20" time="0.105" timestamp="2016-04-19T04:31:45">
  <properties>
    <property name="java.vendor" value="Oracle Corporation" />
    <property name="sun.java.launcher" value="SUN_STANDARD" />
    <property name="env.XPC_SERVICE_NAME" value="0" />
    <property name="sun.management.compiler" value="HotSpot 64-Bit Tiered Compilers" />
    <property name="env._system_arch" value="x86_64" />
    <property name="env.GEM_HOME" value="/Users/tempacc/.rvm/gems/ruby-2.3.0" />
    <property name="os.name" value="Mac OS X" />
    <property name="sun.boot.class.path" value="/Library/Java/JavaVirtualMachines/jdk1.8.0_74.jdk/Contents/Home/jre/lib/resources.jar:/Library/Java/JavaVirtualMachines/jdk1.8.0_74.jdk/Contents/Home/jre/lib/rt.jar:/Library/Java/JavaVirtualMachines/jdk1.8.0_74.jdk/Contents/Home/jre/lib/sunrsasign.jar:/Library/Java/JavaVirtualMachines/jdk1.8.0_74.jdk/Contents/Home/jre/lib/jsse.jar:/Library/Java/JavaVirtualMachines/jdk1.8.0_74.jdk/Contents/Home/jre/lib/jce.jar:/Library/Java/JavaVirtualMachines/jdk1.8.0_74.jdk/Contents/Home/jre/lib/charsets.jar:/Library/Java/JavaVirtualMachines/jdk1.8.0_74.jdk/Contents/Home/jre/lib/jfr.jar:/Library/Java/JavaVirtualMachines/jdk1.8.0_74.jdk/Contents/Home/jre/classes" />
    <property name="env.TMPDIR" value="/var/folders/j9/2m6lfzw96vndjyvcq1p5mlf40000gp/T/" />
    <property name="env.PWD" value="/Users/tempacc/Desktop/Compsci/CodeU/lab4" />
    <property name="user.country.format" value="CA" />
    <property name="env.LANG" value="en_CA.UTF-8" />
    <property name="java.vm.specification.vendor" value="Oracle Corporation" />
    <property name="ant.home" value="/usr/local/Cellar/ant/1.9.6/libexec" />
    <property name="java.runtime.version" value="1.8.0_74-b02" />
    <property name="env.MY_RUBY_HOME" value="/Users/tempacc/.rvm/rubies/ruby-2.3.0" />
    <property name="env.Apple_PubSub_Socket_Render" value="/private/tmp/com.apple.launchd.v2P2j8nCGQ/Render" />
    <property name="env.DISPLAY" value="/private/tmp/com.apple.launchd.fQwxgZzaeF/org.macosforge.xquartz:0" />
    <property name="env.rvm_version" value="1.26.11 (latest)" />
    <property name="user.name" value="tempacc" />
    <property name="env.USER" value="tempacc" />
    <property name="env.SHELL" value="/bin/bash" />
    <property name="env.__CF_USER_TEXT_ENCODING" value="0x1F6:0x0:0x0" />
    <property name="env._system_type" value="Darwin" />
    <property name="env.PATH" value="/Users/tempacc/.rvm/gems/ruby-2.3.0/bin:/Users/tempacc/.rvm/gems/ruby-2.3.0@global/bin:/Users/tempacc/.rvm/rubies/ruby-2.3.0/bin:/usr/local/bin:/usr/bin:/bin:/usr/sbin:/sbin:/opt/X11/bin:/Users/tempacc/.rvm/bin:/Applications/Muse:/Applications/Muse" />
    <property name="user.language" value="en" />
    <property name="env.rvm_prefix" value="/Users/tempacc" />
    <property name="sun.boot.library.path" value="/Library/Java/JavaVirtualMachines/jdk1.8.0_74.jdk/Contents/Home/jre/lib" />
    <property name="ant.project.default-target" value="build" />
    <property name="env.XPC_FLAGS" value="0x0" />
    <property name="ant.project.name" value="JavaCS" />
    <property name="env.rvm_path" value="/Users/tempacc/.rvm" />
    <property name="env.RUBY_VERSION" value="ruby-2.3.0" />
    <property name="java.version" value="1.8.0_74" />
    <property name="user.timezone" value="" />
    <property name="sun.arch.data.model" value="64" />
    <property name="env._system_name" value="OSX" />
    <property name="http.nonProxyHosts" value="local|*.local|169.254/16|*.169.254/16" />
    <property name="env.JAVA_MAIN_CLASS_9433" value="org.apache.tools.ant.launch.Launcher" />
    <property name="java.endorsed.dirs" value="/Library/Java/JavaVirtualMachines/jdk1.8.0_74.jdk/Contents/Home/jre/lib/endorsed" />
    <property name="sun.cpu.isalist" value="" />
    <property name="sun.jnu.encoding" value="UTF-8" />
    <property name="env.rvm_bin_path" value="/Users/tempacc/.rvm/bin" />
    <property name="file.encoding.pkg" value="sun.io" />
    <property name="env.SHLVL" value="3" />
    <property name="file.separator" value="/" />
    <property name="env._system_version" value="10.10" />
    <property name="java.specification.name" value="Java Platform API Specification" />
    <property name="java.class.version" value="52.0" />
    <property name="user.country" value="US" />
    <property name="ant.file.JavaCS" value="/Users/tempacc/Desktop/Compsci/CodeU/lab4/javacs-lab03/build.xml" />
    <property name="java.home" value="/Library/Java/JavaVirtualMachines/jdk1.8.0_74.jdk/Contents/Home/jre" />
    <property name="java.vm.info" value="mixed mode" />
    <property name="env.LOGNAME" value="tempacc" />
    <property name="ant.file" value="/Users/tempacc/Desktop/Compsci/CodeU/lab4/javacs-lab03/build.xml" />
    <property name="os.version" value="10.10.5" />
    <property name="env.TERM_PROGRAM_VERSION" value="343.7" />
    <property name="path.separator" value=":" />
    <property name="java.vm.version" value="25.74-b02" />
    <property name="ant.library.dir" value="/usr/local/Cellar/ant/1.9.6/libexec/lib" />
    <property name="junit.output.dir" value="junit" />
    <property name="env.IRBRC" value="/Users/tempacc/.rvm/rubies/ruby-2.3.0/.irbrc" />
    <property name="java.awt.printerjob" value="sun.lwawt.macosx.CPrinterJob" />
    <property name="env.TERM" value="xterm-256color" />
    <property name="sun.io.unicode.encoding" value="UnicodeBig" />
    <property name="awt.toolkit" value="sun.lwawt.macosx.LWCToolkit" />
    <property name="socksNonProxyHosts" value="local|*.local|169.254/16|*.169.254/16" />
    <property name="ftp.nonProxyHosts" value="local|*.local|169.254/16|*.169.254/16" />
    <property name="env.GEM_PATH" value="/Users/tempacc/.rvm/gems/ruby-2.3.0:/Users/tempacc/.rvm/gems/ruby-2.3.0@global" />
    <property name="user.home" value="/Users/tempacc" />
    <property name="target" value="1.6" />
    <property name="java.specification.vendor" value="Oracle Corporation" />
    <property name="env.TERM_PROGRAM" value="Apple_Terminal" />
    <property name="java.vendor.url" value="http://java.oracle.com/" />
    <property name="java.library.path" value="/Users/tempacc/Library/Java/Extensions:/Library/Java/Extensions:/Network/Library/Java/Extensions:/System/Library/Java/Extensions:/usr/lib/java:." />
    <property name="java.vm.vendor" value="Oracle Corporation" />
    <property name="gopherProxySet" value="false" />
    <property name="env.DYLD_FALLBACK_LIBRARY_PATH" value=":/Applications/Muse:/Applications/Muse" />
    <property name="java.runtime.name" value="Java(TM) SE Runtime Environment" />
    <property name="ant.version" value="Apache Ant(TM) version 1.9.6 compiled on June 29 2015" />
    <property name="java.class.path" value="/Users/tempacc/Desktop/Compsci/CodeU/lab4/javacs-lab03/bin:/Users/tempacc/Desktop/Compsci/CodeU/lab4/javacs-lab03/lib/junit-4.12.jar:/Users/tempacc/Desktop/Compsci/CodeU/lab4/javacs-lab03/lib/hamcrest-core-1.3.jar:/usr/local/Cellar/ant/1.9.6/libexec/lib/ant-launcher.jar:/usr/local/Cellar/ant/1.9.6/libexec/lib/ant.jar:/usr/local/Cellar/ant/1.9.6/libexec/lib/ant-junit.jar:/usr/local/Cellar/ant/1.9.6/libexec/lib/ant-junit4.jar" />
    <property name="sun.java.command" value="org.apache.tools.ant.taskdefs.optional.junit.JUnitTestRunner com.flatironschool.javacs.MyLinkedListTest skipNonTests=false filtertrace=true haltOnError=false haltOnFailure=false formatter=org.apache.tools.ant.taskdefs.optional.junit.OutErrSummaryJUnitResultFormatter showoutput=false outputtoformatters=true logfailedtests=true threadid=0 logtestlistenerevents=false formatter=org.apache.tools.ant.taskdefs.optional.junit.XMLJUnitResultFormatter,/Users/tempacc/Desktop/Compsci/CodeU/lab4/javacs-lab03/junit/TEST-com.flatironschool.javacs.MyLinkedListTest.xml formatter=org.apache.tools.ant.taskdefs.optional.junit.PlainJUnitResultFormatter crashfile=/Users/tempacc/Desktop/Compsci/CodeU/lab4/javacs-lab03/junitvmwatcher3931878246470196210.properties propsfile=/Users/tempacc/Desktop/Compsci/CodeU/lab4/javacs-lab03/junit4523758666614084420.properties" />
    <property name="env.TERM_SESSION_ID" value="33495645-18AD-4B2D-AD87-AC82134ABA6A" />
    <property name="ant.file.type.JavaCS" value="file" />
    <property name="java.vm.specification.name" value="Java Virtual Machine Specification" />
    <property name="ant.file.type" value="file" />
    <property name="java.vm.specification.version" value="1.8" />
    <property name="sun.os.patch.level" value="unknown" />
    <property name="sun.cpu.endian" value="little" />
    <property name="env.HOME" value="/Users/tempacc" />
    <property name="debuglevel" value="source,lines,vars" />
    <property name="java.io.tmpdir" value="/var/folders/j9/2m6lfzw96vndjyvcq1p5mlf40000gp/T/" />
    <property name="java.vendor.url.bug" value="http://bugreport.sun.com/bugreport/" />
    <property name="env.SSH_AUTH_SOCK" value="/private/tmp/com.apple.launchd.hfrHM6Kq4K/Listeners" />
    <property name="os.arch" value="x86_64" />
    <property name="java.awt.graphicsenv" value="sun.awt.CGraphicsEnvironment" />
    <property name="java.ext.dirs" value="/Users/tempacc/Library/Java/Extensions:/Library/Java/JavaVirtualMachines/jdk1.8.0_74.jdk/Contents/Home/jre/lib/ext:/Library/Java/Extensions:/Network/Library/Java/Extensions:/System/Library/Java/Extensions:/usr/lib/java" />
    <property name="user.dir" value="/Users/tempacc/Desktop/Compsci/CodeU/lab4" />
    <property name="line.separator" value="&#xa;" />
    <property name="java.vm.name" value="Java HotSpot(TM) 64-Bit Server VM" />
    <property name="basedir" value="/Users/tempacc/Desktop/Compsci/CodeU/lab4/javacs-lab03" />
    <property name="ant.java.version" value="1.8" />
    <property name="ant.core.lib" value="/usr/local/Cellar/ant/1.9.6/libexec/lib/ant.jar" />
    <property name="source" value="1.6" />
    <property name="file.encoding" value="UTF-8" />
    <property name="java.specification.version" value="1.8" />
    <property name="ant.project.invoked-targets" value="test" />
  </properties>
  <testcase classname="com.flatironschool.javacs.MyLinkedListTest" name="testToArray" time="0.005" />
  <testcase classname="com.flatironschool.javacs.MyLinkedListTest" name="testAddIntT" time="0.001" />
  <testcase classname="com.flatironschool.javacs.MyLinkedListTest" name="testGet" time="0.0" />
  <testcase classname="com.flatironschool.javacs.MyLinkedListTest" name="testSet" time="0.0" />
  <testcase classname="com.flatironschool.javacs.MyLinkedListTest" name="testAddAllCollectionOfQextendsT" time="0.0" />
  <testcase classname="com.flatironschool.javacs.MyLinkedListTest" name="testClear" time="0.0" />
  <testcase classname="com.flatironschool.javacs.MyLinkedListTest" name="testAddT" time="0.0" />
  <testcase classname="com.flatironschool.javacs.MyLinkedListTest" name="testSize" time="0.0" />
  <testcase classname="com.flatironschool.javacs.MyLinkedListTest" name="testLastIndexOf" time="0.0" />
  <testcase classname="com.flatironschool.javacs.MyLinkedListTest" name="testMyArrayList" time="0.0" />
  <testcase classname="com.flatironschool.javacs.MyLinkedListTest" name="testContainsAll" time="0.0" />
  <testcase classname="com.flatironschool.javacs.MyLinkedListTest" name="testRemoveObject" time="0.0" />
  <testcase classname="com.flatironschool.javacs.MyLinkedListTest" name="testContains" time="0.006">
    <error type="java.lang.NullPointerException">java.lang.NullPointerException
	at com.flatironschool.javacs.MyLinkedList.indexOf(MyLinkedList.java:175)
	at com.flatironschool.javacs.MyLinkedList.contains(MyLinkedList.java:135)
	at com.flatironschool.javacs.MyLinkedListTest.testContains(MyLinkedListTest.java:122)
</error>
  </testcase>
  <testcase classname="com.flatironschool.javacs.MyLinkedListTest" name="testIndexOfNull" time="0.001">
    <error type="java.lang.NullPointerException">java.lang.NullPointerException
	at com.flatironschool.javacs.MyLinkedList.indexOf(MyLinkedList.java:175)
	at com.flatironschool.javacs.MyLinkedListTest.testIndexOfNull(MyLinkedListTest.java:162)
</error>
  </testcase>
  <testcase classname="com.flatironschool.javacs.MyLinkedListTest" name="testIndexOf" time="0.0" />
  <testcase classname="com.flatironschool.javacs.MyLinkedListTest" name="testIsEmpty" time="0.002" />
  <testcase classname="com.flatironschool.javacs.MyLinkedListTest" name="testIterator" time="0.0" />
  <testcase classname="com.flatironschool.javacs.MyLinkedListTest" name="testRemoveAll" time="0.001" />
  <testcase classname="com.flatironschool.javacs.MyLinkedListTest" name="testRemoveInt" time="0.0" />
  <testcase classname="com.flatironschool.javacs.MyLinkedListTest" name="testSubList" time="0.0" />
  <system-out><![CDATA[original size:3index:1
end size:4
1--5--2--3--original size:4index:0
end size:5
6--1--5--2--3--original size:5index:5
end size:6
6--1--5--2--3--7--]]></system-out>
  <system-err><![CDATA[]]></system-err>
</testsuite>
